Connecting to database specified by database.yml
  [1m[36m (2.3ms)[0m  [1mSELECT "schema_migrations"."version" FROM "schema_migrations" [0m
  [1m[35m (0.2ms)[0m  select sqlite_version(*)
  [1m[36m (38.6ms)[0m  [1mCREATE TABLE "movies" ("id" INTEGER PRIMARY KEY AUTOINCREMENT NOT NULL, "title" varchar(255), "rating" varchar(255), "description" text, "release_date" datetime, "created_at" datetime, "updated_at" datetime) [0m
  [1m[35m (12.4ms)[0m  CREATE TABLE "schema_migrations" ("version" varchar(255) NOT NULL) 
  [1m[36m (10.8ms)[0m  [1mCREATE UNIQUE INDEX "unique_schema_migrations" ON "schema_migrations" ("version")[0m
  [1m[35m (0.0ms)[0m  SELECT version FROM "schema_migrations"
  [1m[36m (9.2ms)[0m  [1mINSERT INTO "schema_migrations" (version) VALUES ('20120130161449')[0m
  [1m[35m (9.6ms)[0m  INSERT INTO "schema_migrations" (version) VALUES ('20111119180638')
Connecting to database specified by database.yml
  [1m[36m (0.9ms)[0m  [1mSELECT "schema_migrations"."version" FROM "schema_migrations" [0m
Migrating to CreateMovies (20111119180638)
  [1m[35m (0.1ms)[0m  select sqlite_version(*)
  [1m[36m (0.1ms)[0m  [1mSELECT "schema_migrations"."version" FROM "schema_migrations" [0m
Connecting to database specified by database.yml
  [1m[36m (1.0ms)[0m  [1mSELECT "schema_migrations"."version" FROM "schema_migrations" [0m
  [1m[35m (0.0ms)[0m  begin transaction
  [1m[36mSQL (4.3ms)[0m  [1mINSERT INTO "movies" ("created_at", "description", "rating", "release_date", "title", "updated_at") VALUES (?, ?, ?, ?, ?, ?)[0m  [["created_at", Thu, 30 Oct 2014 12:15:06 UTC +00:00], ["description", nil], ["rating", "G"], ["release_date", Wed, 25 Nov 1992 00:00:00 UTC +00:00], ["title", "Aladdin"], ["updated_at", Thu, 30 Oct 2014 12:15:06 UTC +00:00]]
  [1m[35m (12.5ms)[0m  commit transaction
  [1m[36m (0.0ms)[0m  [1mbegin transaction[0m
  [1m[35mSQL (0.2ms)[0m  INSERT INTO "movies" ("created_at", "description", "rating", "release_date", "title", "updated_at") VALUES (?, ?, ?, ?, ?, ?)  [["created_at", Thu, 30 Oct 2014 12:15:06 UTC +00:00], ["description", nil], ["rating", "R"], ["release_date", Fri, 26 Oct 1984 00:00:00 UTC +00:00], ["title", "The Terminator"], ["updated_at", Thu, 30 Oct 2014 12:15:06 UTC +00:00]]
  [1m[36m (10.6ms)[0m  [1mcommit transaction[0m
  [1m[35m (0.0ms)[0m  begin transaction
  [1m[36mSQL (0.2ms)[0m  [1mINSERT INTO "movies" ("created_at", "description", "rating", "release_date", "title", "updated_at") VALUES (?, ?, ?, ?, ?, ?)[0m  [["created_at", Thu, 30 Oct 2014 12:15:06 UTC +00:00], ["description", nil], ["rating", "R"], ["release_date", Fri, 21 Jul 1989 00:00:00 UTC +00:00], ["title", "When Harry Met Sally"], ["updated_at", Thu, 30 Oct 2014 12:15:06 UTC +00:00]]
  [1m[35m (9.2ms)[0m  commit transaction
  [1m[36m (0.0ms)[0m  [1mbegin transaction[0m
  [1m[35mSQL (0.2ms)[0m  INSERT INTO "movies" ("created_at", "description", "rating", "release_date", "title", "updated_at") VALUES (?, ?, ?, ?, ?, ?)  [["created_at", Thu, 30 Oct 2014 12:15:06 UTC +00:00], ["description", nil], ["rating", "PG-13"], ["release_date", Wed, 10 Aug 2011 00:00:00 UTC +00:00], ["title", "The Help"], ["updated_at", Thu, 30 Oct 2014 12:15:06 UTC +00:00]]
  [1m[36m (10.7ms)[0m  [1mcommit transaction[0m
  [1m[35m (0.0ms)[0m  begin transaction
  [1m[36mSQL (0.2ms)[0m  [1mINSERT INTO "movies" ("created_at", "description", "rating", "release_date", "title", "updated_at") VALUES (?, ?, ?, ?, ?, ?)[0m  [["created_at", Thu, 30 Oct 2014 12:15:06 UTC +00:00], ["description", nil], ["rating", "PG-13"], ["release_date", Fri, 05 Jan 2001 00:00:00 UTC +00:00], ["title", "Chocolat"], ["updated_at", Thu, 30 Oct 2014 12:15:06 UTC +00:00]]
  [1m[35m (8.9ms)[0m  commit transaction
  [1m[36m (0.0ms)[0m  [1mbegin transaction[0m
  [1m[35mSQL (0.2ms)[0m  INSERT INTO "movies" ("created_at", "description", "rating", "release_date", "title", "updated_at") VALUES (?, ?, ?, ?, ?, ?)  [["created_at", Thu, 30 Oct 2014 12:15:06 UTC +00:00], ["description", nil], ["rating", "R"], ["release_date", Wed, 25 Apr 2001 00:00:00 UTC +00:00], ["title", "Amelie"], ["updated_at", Thu, 30 Oct 2014 12:15:06 UTC +00:00]]
  [1m[36m (11.3ms)[0m  [1mcommit transaction[0m
  [1m[35m (0.0ms)[0m  begin transaction
  [1m[36mSQL (0.2ms)[0m  [1mINSERT INTO "movies" ("created_at", "description", "rating", "release_date", "title", "updated_at") VALUES (?, ?, ?, ?, ?, ?)[0m  [["created_at", Thu, 30 Oct 2014 12:15:06 UTC +00:00], ["description", nil], ["rating", "G"], ["release_date", Sat, 06 Apr 1968 00:00:00 UTC +00:00], ["title", "2001: A Space Odyssey"], ["updated_at", Thu, 30 Oct 2014 12:15:06 UTC +00:00]]
  [1m[35m (9.1ms)[0m  commit transaction
  [1m[36m (0.0ms)[0m  [1mbegin transaction[0m
  [1m[35mSQL (0.2ms)[0m  INSERT INTO "movies" ("created_at", "description", "rating", "release_date", "title", "updated_at") VALUES (?, ?, ?, ?, ?, ?)  [["created_at", Thu, 30 Oct 2014 12:15:06 UTC +00:00], ["description", nil], ["rating", "PG"], ["release_date", Fri, 05 Nov 2004 00:00:00 UTC +00:00], ["title", "The Incredibles"], ["updated_at", Thu, 30 Oct 2014 12:15:06 UTC +00:00]]
  [1m[36m (11.6ms)[0m  [1mcommit transaction[0m
  [1m[35m (0.0ms)[0m  begin transaction
  [1m[36mSQL (0.2ms)[0m  [1mINSERT INTO "movies" ("created_at", "description", "rating", "release_date", "title", "updated_at") VALUES (?, ?, ?, ?, ?, ?)[0m  [["created_at", Thu, 30 Oct 2014 12:15:06 UTC +00:00], ["description", nil], ["rating", "PG"], ["release_date", Fri, 12 Jun 1981 00:00:00 UTC +00:00], ["title", "Raiders of the Lost Ark"], ["updated_at", Thu, 30 Oct 2014 12:15:06 UTC +00:00]]
  [1m[35m (8.3ms)[0m  commit transaction
  [1m[36m (0.0ms)[0m  [1mbegin transaction[0m
  [1m[35mSQL (0.2ms)[0m  INSERT INTO "movies" ("created_at", "description", "rating", "release_date", "title", "updated_at") VALUES (?, ?, ?, ?, ?, ?)  [["created_at", Thu, 30 Oct 2014 12:15:06 UTC +00:00], ["description", nil], ["rating", "G"], ["release_date", Wed, 21 Jun 2000 00:00:00 UTC +00:00], ["title", "Chicken Run"], ["updated_at", Thu, 30 Oct 2014 12:15:06 UTC +00:00]]
  [1m[36m (9.9ms)[0m  [1mcommit transaction[0m
Connecting to database specified by database.yml
  [1m[36m (1.6ms)[0m  [1mSELECT "schema_migrations"."version" FROM "schema_migrations" [0m
  [1m[35m (0.1ms)[0m  select sqlite_version(*)
  [1m[36m (15.1ms)[0m  [1mCREATE TABLE "movies" ("id" INTEGER PRIMARY KEY AUTOINCREMENT NOT NULL, "title" varchar(255), "rating" varchar(255), "description" text, "release_date" datetime, "created_at" datetime, "updated_at" datetime) [0m
  [1m[35m (10.2ms)[0m  CREATE TABLE "schema_migrations" ("version" varchar(255) NOT NULL) 
  [1m[36m (10.0ms)[0m  [1mCREATE UNIQUE INDEX "unique_schema_migrations" ON "schema_migrations" ("version")[0m
  [1m[35m (0.0ms)[0m  SELECT version FROM "schema_migrations"
  [1m[36m (9.7ms)[0m  [1mINSERT INTO "schema_migrations" (version) VALUES ('20120130161449')[0m
  [1m[35m (10.7ms)[0m  INSERT INTO "schema_migrations" (version) VALUES ('20111119180638')
Connecting to database specified by database.yml
  [1m[36m (1.0ms)[0m  [1mSELECT "schema_migrations"."version" FROM "schema_migrations" [0m
Migrating to CreateMovies (20111119180638)
  [1m[35m (0.0ms)[0m  select sqlite_version(*)
  [1m[36m (0.1ms)[0m  [1mSELECT "schema_migrations"."version" FROM "schema_migrations" [0m
Connecting to database specified by database.yml
  [1m[36m (1.1ms)[0m  [1mSELECT "schema_migrations"."version" FROM "schema_migrations" [0m
  [1m[35m (0.0ms)[0m  begin transaction
  [1m[36mSQL (22.7ms)[0m  [1mINSERT INTO "movies" ("created_at", "description", "rating", "release_date", "title", "updated_at") VALUES (?, ?, ?, ?, ?, ?)[0m  [["created_at", Thu, 30 Oct 2014 12:16:49 UTC +00:00], ["description", nil], ["rating", "G"], ["release_date", Wed, 25 Nov 1992 00:00:00 UTC +00:00], ["title", "Aladdin"], ["updated_at", Thu, 30 Oct 2014 12:16:49 UTC +00:00]]
  [1m[35m (12.5ms)[0m  commit transaction
  [1m[36m (0.0ms)[0m  [1mbegin transaction[0m
  [1m[35mSQL (0.2ms)[0m  INSERT INTO "movies" ("created_at", "description", "rating", "release_date", "title", "updated_at") VALUES (?, ?, ?, ?, ?, ?)  [["created_at", Thu, 30 Oct 2014 12:16:49 UTC +00:00], ["description", nil], ["rating", "R"], ["release_date", Fri, 26 Oct 1984 00:00:00 UTC +00:00], ["title", "The Terminator"], ["updated_at", Thu, 30 Oct 2014 12:16:49 UTC +00:00]]
  [1m[36m (10.2ms)[0m  [1mcommit transaction[0m
  [1m[35m (0.0ms)[0m  begin transaction
  [1m[36mSQL (0.1ms)[0m  [1mINSERT INTO "movies" ("created_at", "description", "rating", "release_date", "title", "updated_at") VALUES (?, ?, ?, ?, ?, ?)[0m  [["created_at", Thu, 30 Oct 2014 12:16:49 UTC +00:00], ["description", nil], ["rating", "R"], ["release_date", Fri, 21 Jul 1989 00:00:00 UTC +00:00], ["title", "When Harry Met Sally"], ["updated_at", Thu, 30 Oct 2014 12:16:49 UTC +00:00]]
  [1m[35m (9.1ms)[0m  commit transaction
  [1m[36m (0.0ms)[0m  [1mbegin transaction[0m
  [1m[35mSQL (0.2ms)[0m  INSERT INTO "movies" ("created_at", "description", "rating", "release_date", "title", "updated_at") VALUES (?, ?, ?, ?, ?, ?)  [["created_at", Thu, 30 Oct 2014 12:16:49 UTC +00:00], ["description", nil], ["rating", "PG-13"], ["release_date", Wed, 10 Aug 2011 00:00:00 UTC +00:00], ["title", "The Help"], ["updated_at", Thu, 30 Oct 2014 12:16:49 UTC +00:00]]
  [1m[36m (9.4ms)[0m  [1mcommit transaction[0m
  [1m[35m (0.0ms)[0m  begin transaction
  [1m[36mSQL (0.2ms)[0m  [1mINSERT INTO "movies" ("created_at", "description", "rating", "release_date", "title", "updated_at") VALUES (?, ?, ?, ?, ?, ?)[0m  [["created_at", Thu, 30 Oct 2014 12:16:49 UTC +00:00], ["description", nil], ["rating", "PG-13"], ["release_date", Fri, 05 Jan 2001 00:00:00 UTC +00:00], ["title", "Chocolat"], ["updated_at", Thu, 30 Oct 2014 12:16:49 UTC +00:00]]
  [1m[35m (9.7ms)[0m  commit transaction
  [1m[36m (0.0ms)[0m  [1mbegin transaction[0m
  [1m[35mSQL (0.2ms)[0m  INSERT INTO "movies" ("created_at", "description", "rating", "release_date", "title", "updated_at") VALUES (?, ?, ?, ?, ?, ?)  [["created_at", Thu, 30 Oct 2014 12:16:49 UTC +00:00], ["description", nil], ["rating", "R"], ["release_date", Wed, 25 Apr 2001 00:00:00 UTC +00:00], ["title", "Amelie"], ["updated_at", Thu, 30 Oct 2014 12:16:49 UTC +00:00]]
  [1m[36m (10.1ms)[0m  [1mcommit transaction[0m
  [1m[35m (0.0ms)[0m  begin transaction
  [1m[36mSQL (0.2ms)[0m  [1mINSERT INTO "movies" ("created_at", "description", "rating", "release_date", "title", "updated_at") VALUES (?, ?, ?, ?, ?, ?)[0m  [["created_at", Thu, 30 Oct 2014 12:16:49 UTC +00:00], ["description", nil], ["rating", "G"], ["release_date", Sat, 06 Apr 1968 00:00:00 UTC +00:00], ["title", "2001: A Space Odyssey"], ["updated_at", Thu, 30 Oct 2014 12:16:49 UTC +00:00]]
  [1m[35m (9.4ms)[0m  commit transaction
  [1m[36m (0.0ms)[0m  [1mbegin transaction[0m
  [1m[35mSQL (0.1ms)[0m  INSERT INTO "movies" ("created_at", "description", "rating", "release_date", "title", "updated_at") VALUES (?, ?, ?, ?, ?, ?)  [["created_at", Thu, 30 Oct 2014 12:16:49 UTC +00:00], ["description", nil], ["rating", "PG"], ["release_date", Fri, 05 Nov 2004 00:00:00 UTC +00:00], ["title", "The Incredibles"], ["updated_at", Thu, 30 Oct 2014 12:16:49 UTC +00:00]]
  [1m[36m (10.5ms)[0m  [1mcommit transaction[0m
  [1m[35m (0.0ms)[0m  begin transaction
  [1m[36mSQL (0.2ms)[0m  [1mINSERT INTO "movies" ("created_at", "description", "rating", "release_date", "title", "updated_at") VALUES (?, ?, ?, ?, ?, ?)[0m  [["created_at", Thu, 30 Oct 2014 12:16:49 UTC +00:00], ["description", nil], ["rating", "PG"], ["release_date", Fri, 12 Jun 1981 00:00:00 UTC +00:00], ["title", "Raiders of the Lost Ark"], ["updated_at", Thu, 30 Oct 2014 12:16:49 UTC +00:00]]
  [1m[35m (11.4ms)[0m  commit transaction
  [1m[36m (0.0ms)[0m  [1mbegin transaction[0m
  [1m[35mSQL (0.3ms)[0m  INSERT INTO "movies" ("created_at", "description", "rating", "release_date", "title", "updated_at") VALUES (?, ?, ?, ?, ?, ?)  [["created_at", Thu, 30 Oct 2014 12:16:49 UTC +00:00], ["description", nil], ["rating", "G"], ["release_date", Wed, 21 Jun 2000 00:00:00 UTC +00:00], ["title", "Chicken Run"], ["updated_at", Thu, 30 Oct 2014 12:16:49 UTC +00:00]]
  [1m[36m (9.8ms)[0m  [1mcommit transaction[0m
Connecting to database specified by database.yml
  [1m[36m (1.0ms)[0m  [1mSELECT "schema_migrations"."version" FROM "schema_migrations" [0m
  [1m[35m (0.2ms)[0m  select sqlite_version(*)
  [1m[36m (13.1ms)[0m  [1mCREATE TABLE "movies" ("id" INTEGER PRIMARY KEY AUTOINCREMENT NOT NULL, "title" varchar(255), "rating" varchar(255), "description" text, "release_date" datetime, "created_at" datetime, "updated_at" datetime) [0m
  [1m[35m (10.1ms)[0m  CREATE TABLE "schema_migrations" ("version" varchar(255) NOT NULL) 
  [1m[36m (9.9ms)[0m  [1mCREATE UNIQUE INDEX "unique_schema_migrations" ON "schema_migrations" ("version")[0m
  [1m[35m (0.0ms)[0m  SELECT version FROM "schema_migrations"
  [1m[36m (10.4ms)[0m  [1mINSERT INTO "schema_migrations" (version) VALUES ('20120130161449')[0m
  [1m[35m (9.1ms)[0m  INSERT INTO "schema_migrations" (version) VALUES ('20111119180638')
Connecting to database specified by database.yml
  [1m[36m (1.7ms)[0m  [1mSELECT "schema_migrations"."version" FROM "schema_migrations" [0m
  [1m[35m (0.2ms)[0m  select sqlite_version(*)
  [1m[36m (15.0ms)[0m  [1mCREATE TABLE "movies" ("id" INTEGER PRIMARY KEY AUTOINCREMENT NOT NULL, "title" varchar(255), "rating" varchar(255), "description" text, "release_date" datetime, "created_at" datetime, "updated_at" datetime) [0m
  [1m[35m (9.1ms)[0m  CREATE TABLE "schema_migrations" ("version" varchar(255) NOT NULL) 
  [1m[36m (10.0ms)[0m  [1mCREATE UNIQUE INDEX "unique_schema_migrations" ON "schema_migrations" ("version")[0m
  [1m[35m (0.0ms)[0m  SELECT version FROM "schema_migrations"
  [1m[36m (9.8ms)[0m  [1mINSERT INTO "schema_migrations" (version) VALUES ('20120130161449')[0m
  [1m[35m (8.6ms)[0m  INSERT INTO "schema_migrations" (version) VALUES ('20111119180638')
Connecting to database specified by database.yml
  [1m[36m (1.1ms)[0m  [1mSELECT "schema_migrations"."version" FROM "schema_migrations" [0m
Migrating to CreateMovies (20111119180638)
  [1m[35m (0.0ms)[0m  select sqlite_version(*)
  [1m[36m (0.1ms)[0m  [1mSELECT "schema_migrations"."version" FROM "schema_migrations" [0m
Connecting to database specified by database.yml
  [1m[36m (0.6ms)[0m  [1mSELECT "schema_migrations"."version" FROM "schema_migrations" [0m
  [1m[35m (0.1ms)[0m  begin transaction
  [1m[36mSQL (3.3ms)[0m  [1mINSERT INTO "movies" ("created_at", "description", "rating", "release_date", "title", "updated_at") VALUES (?, ?, ?, ?, ?, ?)[0m  [["created_at", Thu, 30 Oct 2014 12:20:20 UTC +00:00], ["description", nil], ["rating", "G"], ["release_date", Wed, 25 Nov 1992 00:00:00 UTC +00:00], ["title", "Aladdin"], ["updated_at", Thu, 30 Oct 2014 12:20:20 UTC +00:00]]
  [1m[35m (12.7ms)[0m  commit transaction
  [1m[36m (0.0ms)[0m  [1mbegin transaction[0m
  [1m[35mSQL (0.1ms)[0m  INSERT INTO "movies" ("created_at", "description", "rating", "release_date", "title", "updated_at") VALUES (?, ?, ?, ?, ?, ?)  [["created_at", Thu, 30 Oct 2014 12:20:20 UTC +00:00], ["description", nil], ["rating", "R"], ["release_date", Fri, 26 Oct 1984 00:00:00 UTC +00:00], ["title", "The Terminator"], ["updated_at", Thu, 30 Oct 2014 12:20:20 UTC +00:00]]
  [1m[36m (9.8ms)[0m  [1mcommit transaction[0m
  [1m[35m (0.0ms)[0m  begin transaction
  [1m[36mSQL (0.2ms)[0m  [1mINSERT INTO "movies" ("created_at", "description", "rating", "release_date", "title", "updated_at") VALUES (?, ?, ?, ?, ?, ?)[0m  [["created_at", Thu, 30 Oct 2014 12:20:20 UTC +00:00], ["description", nil], ["rating", "R"], ["release_date", Fri, 21 Jul 1989 00:00:00 UTC +00:00], ["title", "When Harry Met Sally"], ["updated_at", Thu, 30 Oct 2014 12:20:20 UTC +00:00]]
  [1m[35m (9.5ms)[0m  commit transaction
  [1m[36m (0.0ms)[0m  [1mbegin transaction[0m
  [1m[35mSQL (0.2ms)[0m  INSERT INTO "movies" ("created_at", "description", "rating", "release_date", "title", "updated_at") VALUES (?, ?, ?, ?, ?, ?)  [["created_at", Thu, 30 Oct 2014 12:20:20 UTC +00:00], ["description", nil], ["rating", "PG-13"], ["release_date", Wed, 10 Aug 2011 00:00:00 UTC +00:00], ["title", "The Help"], ["updated_at", Thu, 30 Oct 2014 12:20:20 UTC +00:00]]
  [1m[36m (9.2ms)[0m  [1mcommit transaction[0m
  [1m[35m (0.0ms)[0m  begin transaction
  [1m[36mSQL (0.2ms)[0m  [1mINSERT INTO "movies" ("created_at", "description", "rating", "release_date", "title", "updated_at") VALUES (?, ?, ?, ?, ?, ?)[0m  [["created_at", Thu, 30 Oct 2014 12:20:20 UTC +00:00], ["description", nil], ["rating", "PG-13"], ["release_date", Fri, 05 Jan 2001 00:00:00 UTC +00:00], ["title", "Chocolat"], ["updated_at", Thu, 30 Oct 2014 12:20:20 UTC +00:00]]
  [1m[35m (10.5ms)[0m  commit transaction
  [1m[36m (0.0ms)[0m  [1mbegin transaction[0m
  [1m[35mSQL (0.2ms)[0m  INSERT INTO "movies" ("created_at", "description", "rating", "release_date", "title", "updated_at") VALUES (?, ?, ?, ?, ?, ?)  [["created_at", Thu, 30 Oct 2014 12:20:20 UTC +00:00], ["description", nil], ["rating", "R"], ["release_date", Wed, 25 Apr 2001 00:00:00 UTC +00:00], ["title", "Amelie"], ["updated_at", Thu, 30 Oct 2014 12:20:20 UTC +00:00]]
  [1m[36m (10.1ms)[0m  [1mcommit transaction[0m
  [1m[35m (0.0ms)[0m  begin transaction
  [1m[36mSQL (0.2ms)[0m  [1mINSERT INTO "movies" ("created_at", "description", "rating", "release_date", "title", "updated_at") VALUES (?, ?, ?, ?, ?, ?)[0m  [["created_at", Thu, 30 Oct 2014 12:20:20 UTC +00:00], ["description", nil], ["rating", "G"], ["release_date", Sat, 06 Apr 1968 00:00:00 UTC +00:00], ["title", "2001: A Space Odyssey"], ["updated_at", Thu, 30 Oct 2014 12:20:20 UTC +00:00]]
  [1m[35m (8.4ms)[0m  commit transaction
  [1m[36m (0.0ms)[0m  [1mbegin transaction[0m
  [1m[35mSQL (0.2ms)[0m  INSERT INTO "movies" ("created_at", "description", "rating", "release_date", "title", "updated_at") VALUES (?, ?, ?, ?, ?, ?)  [["created_at", Thu, 30 Oct 2014 12:20:20 UTC +00:00], ["description", nil], ["rating", "PG"], ["release_date", Fri, 05 Nov 2004 00:00:00 UTC +00:00], ["title", "The Incredibles"], ["updated_at", Thu, 30 Oct 2014 12:20:20 UTC +00:00]]
  [1m[36m (9.9ms)[0m  [1mcommit transaction[0m
  [1m[35m (0.0ms)[0m  begin transaction
  [1m[36mSQL (0.2ms)[0m  [1mINSERT INTO "movies" ("created_at", "description", "rating", "release_date", "title", "updated_at") VALUES (?, ?, ?, ?, ?, ?)[0m  [["created_at", Thu, 30 Oct 2014 12:20:20 UTC +00:00], ["description", nil], ["rating", "PG"], ["release_date", Fri, 12 Jun 1981 00:00:00 UTC +00:00], ["title", "Raiders of the Lost Ark"], ["updated_at", Thu, 30 Oct 2014 12:20:20 UTC +00:00]]
  [1m[35m (9.1ms)[0m  commit transaction
  [1m[36m (0.0ms)[0m  [1mbegin transaction[0m
  [1m[35mSQL (0.2ms)[0m  INSERT INTO "movies" ("created_at", "description", "rating", "release_date", "title", "updated_at") VALUES (?, ?, ?, ?, ?, ?)  [["created_at", Thu, 30 Oct 2014 12:20:20 UTC +00:00], ["description", nil], ["rating", "G"], ["release_date", Wed, 21 Jun 2000 00:00:00 UTC +00:00], ["title", "Chicken Run"], ["updated_at", Thu, 30 Oct 2014 12:20:20 UTC +00:00]]
  [1m[36m (10.1ms)[0m  [1mcommit transaction[0m
Connecting to database specified by database.yml
  [1m[36m (4.0ms)[0m  [1mSELECT "schema_migrations"."version" FROM "schema_migrations" [0m
  [1m[35m (0.0ms)[0m  select sqlite_version(*)
  [1m[36m (20.0ms)[0m  [1mCREATE TABLE "movies" ("id" INTEGER PRIMARY KEY AUTOINCREMENT NOT NULL, "title" varchar(255), "rating" varchar(255), "description" text, "release_date" datetime, "created_at" datetime, "updated_at" datetime) [0m
  [1m[35m (12.0ms)[0m  CREATE TABLE "schema_migrations" ("version" varchar(255) NOT NULL) 
  [1m[36m (12.0ms)[0m  [1mCREATE UNIQUE INDEX "unique_schema_migrations" ON "schema_migrations" ("version")[0m
  [1m[35m (0.0ms)[0m  SELECT version FROM "schema_migrations"
  [1m[36m (12.0ms)[0m  [1mINSERT INTO "schema_migrations" (version) VALUES ('20120130161449')[0m
  [1m[35m (8.0ms)[0m  INSERT INTO "schema_migrations" (version) VALUES ('20111119180638')
Connecting to database specified by database.yml
  [1m[36m (0.0ms)[0m  [1mSELECT "schema_migrations"."version" FROM "schema_migrations" [0m
  [1m[35m (0.0ms)[0m  select sqlite_version(*)
  [1m[36m (12.0ms)[0m  [1mCREATE TABLE "movies" ("id" INTEGER PRIMARY KEY AUTOINCREMENT NOT NULL, "title" varchar(255), "rating" varchar(255), "description" text, "release_date" datetime, "created_at" datetime, "updated_at" datetime) [0m
  [1m[35m (12.0ms)[0m  CREATE TABLE "schema_migrations" ("version" varchar(255) NOT NULL) 
  [1m[36m (8.0ms)[0m  [1mCREATE UNIQUE INDEX "unique_schema_migrations" ON "schema_migrations" ("version")[0m
  [1m[35m (0.0ms)[0m  SELECT version FROM "schema_migrations"
  [1m[36m (12.0ms)[0m  [1mINSERT INTO "schema_migrations" (version) VALUES ('20120130161449')[0m
  [1m[35m (8.0ms)[0m  INSERT INTO "schema_migrations" (version) VALUES ('20111119180638')
Connecting to database specified by database.yml
  [1m[36m (4.0ms)[0m  [1mSELECT "schema_migrations"."version" FROM "schema_migrations" [0m
  [1m[35m (0.0ms)[0m  select sqlite_version(*)
  [1m[36m (12.0ms)[0m  [1mCREATE TABLE "movies" ("id" INTEGER PRIMARY KEY AUTOINCREMENT NOT NULL, "title" varchar(255), "rating" varchar(255), "description" text, "release_date" datetime, "created_at" datetime, "updated_at" datetime) [0m
  [1m[35m (12.0ms)[0m  CREATE TABLE "schema_migrations" ("version" varchar(255) NOT NULL) 
  [1m[36m (8.0ms)[0m  [1mCREATE UNIQUE INDEX "unique_schema_migrations" ON "schema_migrations" ("version")[0m
  [1m[35m (0.0ms)[0m  SELECT version FROM "schema_migrations"
  [1m[36m (12.0ms)[0m  [1mINSERT INTO "schema_migrations" (version) VALUES ('20120130161449')[0m
  [1m[35m (8.0ms)[0m  INSERT INTO "schema_migrations" (version) VALUES ('20111119180638')


Started GET "/assets/rails.png" for 127.0.0.1 at 2014-11-14 18:26:49 -0400
Connecting to database specified by database.yml
Served asset /rails.png - 304 Not Modified (4ms)


Started GET "/movies" for 127.0.0.1 at 2014-11-14 18:26:57 -0400
Processing by MoviesController#index as HTML
  [1m[36mMovie Load (0.0ms)[0m  [1mSELECT "movies".* FROM "movies" WHERE "movies"."rating" IN ('G', 'PG', 'PG-13', 'NC-17', 'R')[0m
  Rendered movies/index.html.haml within layouts/application (12.0ms)
Compiled application.css  (0ms)  (pid 3014)
Compiled jquery.js  (0ms)  (pid 3014)
Compiled jquery_ujs.js  (0ms)  (pid 3014)
Compiled application.js  (44ms)  (pid 3014)
Completed 200 OK in 216.1ms (Views: 128.1ms | ActiveRecord: 0.0ms)


Started GET "/assets/application.css?body=1" for 127.0.0.1 at 2014-11-14 18:26:57 -0400
Served asset /application.css - 200 OK (4ms)


Started GET "/assets/jquery.js?body=1" for 127.0.0.1 at 2014-11-14 18:26:57 -0400
Served asset /jquery.js - 200 OK (0ms)


Started GET "/assets/jquery_ujs.js?body=1" for 127.0.0.1 at 2014-11-14 18:26:57 -0400
Served asset /jquery_ujs.js - 200 OK (0ms)


Started GET "/assets/application.js?body=1" for 127.0.0.1 at 2014-11-14 18:26:57 -0400
Served asset /application.js - 304 Not Modified (0ms)
Connecting to database specified by database.yml
  [1m[36m (0.0ms)[0m  [1mSELECT "schema_migrations"."version" FROM "schema_migrations" [0m
  [1m[35m (0.0ms)[0m  select sqlite_version(*)
  [1m[36m (12.0ms)[0m  [1mCREATE TABLE "movies" ("id" INTEGER PRIMARY KEY AUTOINCREMENT NOT NULL, "title" varchar(255), "rating" varchar(255), "description" text, "release_date" datetime, "created_at" datetime, "updated_at" datetime) [0m
  [1m[35m (12.0ms)[0m  CREATE TABLE "schema_migrations" ("version" varchar(255) NOT NULL) 
  [1m[36m (8.0ms)[0m  [1mCREATE UNIQUE INDEX "unique_schema_migrations" ON "schema_migrations" ("version")[0m
  [1m[35m (0.0ms)[0m  SELECT version FROM "schema_migrations"
  [1m[36m (12.0ms)[0m  [1mINSERT INTO "schema_migrations" (version) VALUES ('20120130161449')[0m
  [1m[35m (8.0ms)[0m  INSERT INTO "schema_migrations" (version) VALUES ('20111119180638')
Connecting to database specified by database.yml
  [1m[36m (0.0ms)[0m  [1mSELECT "schema_migrations"."version" FROM "schema_migrations" [0m
  [1m[35m (0.0ms)[0m  select sqlite_version(*)
  [1m[36m (16.0ms)[0m  [1mCREATE TABLE "movies" ("id" INTEGER PRIMARY KEY AUTOINCREMENT NOT NULL, "title" varchar(255), "rating" varchar(255), "description" text, "release_date" datetime, "created_at" datetime, "updated_at" datetime) [0m
  [1m[35m (8.0ms)[0m  CREATE TABLE "schema_migrations" ("version" varchar(255) NOT NULL) 
  [1m[36m (8.0ms)[0m  [1mCREATE UNIQUE INDEX "unique_schema_migrations" ON "schema_migrations" ("version")[0m
  [1m[35m (0.0ms)[0m  SELECT version FROM "schema_migrations"
  [1m[36m (12.0ms)[0m  [1mINSERT INTO "schema_migrations" (version) VALUES ('20120130161449')[0m
  [1m[35m (8.0ms)[0m  INSERT INTO "schema_migrations" (version) VALUES ('20111119180638')
Connecting to database specified by database.yml
  [1m[36m (0.0ms)[0m  [1mSELECT "schema_migrations"."version" FROM "schema_migrations" [0m
  [1m[35m (0.0ms)[0m  select sqlite_version(*)
  [1m[36m (12.0ms)[0m  [1mCREATE TABLE "movies" ("id" INTEGER PRIMARY KEY AUTOINCREMENT NOT NULL, "title" varchar(255), "rating" varchar(255), "description" text, "release_date" datetime, "created_at" datetime, "updated_at" datetime) [0m
  [1m[35m (12.0ms)[0m  CREATE TABLE "schema_migrations" ("version" varchar(255) NOT NULL) 
  [1m[36m (8.0ms)[0m  [1mCREATE UNIQUE INDEX "unique_schema_migrations" ON "schema_migrations" ("version")[0m
  [1m[35m (0.0ms)[0m  SELECT version FROM "schema_migrations"
  [1m[36m (12.0ms)[0m  [1mINSERT INTO "schema_migrations" (version) VALUES ('20120130161449')[0m
  [1m[35m (8.0ms)[0m  INSERT INTO "schema_migrations" (version) VALUES ('20111119180638')
Connecting to database specified by database.yml
  [1m[36m (4.0ms)[0m  [1mSELECT "schema_migrations"."version" FROM "schema_migrations" [0m
  [1m[35m (0.0ms)[0m  select sqlite_version(*)
  [1m[36m (12.0ms)[0m  [1mCREATE TABLE "movies" ("id" INTEGER PRIMARY KEY AUTOINCREMENT NOT NULL, "title" varchar(255), "rating" varchar(255), "description" text, "release_date" datetime, "created_at" datetime, "updated_at" datetime) [0m
  [1m[35m (12.0ms)[0m  CREATE TABLE "schema_migrations" ("version" varchar(255) NOT NULL) 
  [1m[36m (8.0ms)[0m  [1mCREATE UNIQUE INDEX "unique_schema_migrations" ON "schema_migrations" ("version")[0m
  [1m[35m (0.0ms)[0m  SELECT version FROM "schema_migrations"
  [1m[36m (8.0ms)[0m  [1mINSERT INTO "schema_migrations" (version) VALUES ('20120130161449')[0m
  [1m[35m (12.0ms)[0m  INSERT INTO "schema_migrations" (version) VALUES ('20111119180638')
Connecting to database specified by database.yml
  [1m[36m (0.0ms)[0m  [1mSELECT "schema_migrations"."version" FROM "schema_migrations" [0m
  [1m[35m (0.0ms)[0m  select sqlite_version(*)
  [1m[36m (12.0ms)[0m  [1mCREATE TABLE "movies" ("id" INTEGER PRIMARY KEY AUTOINCREMENT NOT NULL, "title" varchar(255), "rating" varchar(255), "description" text, "release_date" datetime, "created_at" datetime, "updated_at" datetime) [0m
  [1m[35m (12.0ms)[0m  CREATE TABLE "schema_migrations" ("version" varchar(255) NOT NULL) 
  [1m[36m (8.0ms)[0m  [1mCREATE UNIQUE INDEX "unique_schema_migrations" ON "schema_migrations" ("version")[0m
  [1m[35m (0.0ms)[0m  SELECT version FROM "schema_migrations"
  [1m[36m (12.0ms)[0m  [1mINSERT INTO "schema_migrations" (version) VALUES ('20120130161449')[0m
  [1m[35m (20.0ms)[0m  INSERT INTO "schema_migrations" (version) VALUES ('20111119180638')
Connecting to database specified by database.yml
  [1m[36m (0.0ms)[0m  [1mSELECT "schema_migrations"."version" FROM "schema_migrations" [0m
  [1m[35m (0.0ms)[0m  select sqlite_version(*)
  [1m[36m (8.0ms)[0m  [1mCREATE TABLE "movies" ("id" INTEGER PRIMARY KEY AUTOINCREMENT NOT NULL, "title" varchar(255), "rating" varchar(255), "description" text, "release_date" datetime, "created_at" datetime, "updated_at" datetime) [0m
  [1m[35m (12.0ms)[0m  CREATE TABLE "schema_migrations" ("version" varchar(255) NOT NULL) 
  [1m[36m (12.0ms)[0m  [1mCREATE UNIQUE INDEX "unique_schema_migrations" ON "schema_migrations" ("version")[0m
  [1m[35m (0.0ms)[0m  SELECT version FROM "schema_migrations"
  [1m[36m (8.0ms)[0m  [1mINSERT INTO "schema_migrations" (version) VALUES ('20120130161449')[0m
  [1m[35m (12.0ms)[0m  INSERT INTO "schema_migrations" (version) VALUES ('20111119180638')
Connecting to database specified by database.yml
  [1m[36m (0.0ms)[0m  [1mSELECT "schema_migrations"."version" FROM "schema_migrations" [0m
  [1m[35m (0.0ms)[0m  select sqlite_version(*)
  [1m[36m (16.0ms)[0m  [1mCREATE TABLE "movies" ("id" INTEGER PRIMARY KEY AUTOINCREMENT NOT NULL, "title" varchar(255), "rating" varchar(255), "description" text, "release_date" datetime, "created_at" datetime, "updated_at" datetime) [0m
  [1m[35m (8.0ms)[0m  CREATE TABLE "schema_migrations" ("version" varchar(255) NOT NULL) 
  [1m[36m (12.0ms)[0m  [1mCREATE UNIQUE INDEX "unique_schema_migrations" ON "schema_migrations" ("version")[0m
  [1m[35m (0.0ms)[0m  SELECT version FROM "schema_migrations"
  [1m[36m (8.0ms)[0m  [1mINSERT INTO "schema_migrations" (version) VALUES ('20120130161449')[0m
  [1m[35m (12.0ms)[0m  INSERT INTO "schema_migrations" (version) VALUES ('20111119180638')
Connecting to database specified by database.yml
  [1m[36m (0.0ms)[0m  [1mSELECT "schema_migrations"."version" FROM "schema_migrations" [0m
  [1m[35m (0.0ms)[0m  select sqlite_version(*)
  [1m[36m (8.0ms)[0m  [1mCREATE TABLE "movies" ("id" INTEGER PRIMARY KEY AUTOINCREMENT NOT NULL, "title" varchar(255), "rating" varchar(255), "description" text, "release_date" datetime, "created_at" datetime, "updated_at" datetime) [0m
  [1m[35m (12.0ms)[0m  CREATE TABLE "schema_migrations" ("version" varchar(255) NOT NULL) 
  [1m[36m (8.0ms)[0m  [1mCREATE UNIQUE INDEX "unique_schema_migrations" ON "schema_migrations" ("version")[0m
  [1m[35m (0.0ms)[0m  SELECT version FROM "schema_migrations"
  [1m[36m (12.0ms)[0m  [1mINSERT INTO "schema_migrations" (version) VALUES ('20120130161449')[0m
  [1m[35m (8.0ms)[0m  INSERT INTO "schema_migrations" (version) VALUES ('20111119180638')
Connecting to database specified by database.yml
  [1m[36m (0.0ms)[0m  [1mSELECT "schema_migrations"."version" FROM "schema_migrations" [0m
  [1m[35m (0.0ms)[0m  select sqlite_version(*)
  [1m[36m (12.0ms)[0m  [1mCREATE TABLE "movies" ("id" INTEGER PRIMARY KEY AUTOINCREMENT NOT NULL, "title" varchar(255), "rating" varchar(255), "description" text, "release_date" datetime, "created_at" datetime, "updated_at" datetime) [0m
  [1m[35m (12.0ms)[0m  CREATE TABLE "schema_migrations" ("version" varchar(255) NOT NULL) 
  [1m[36m (8.0ms)[0m  [1mCREATE UNIQUE INDEX "unique_schema_migrations" ON "schema_migrations" ("version")[0m
  [1m[35m (0.0ms)[0m  SELECT version FROM "schema_migrations"
  [1m[36m (8.0ms)[0m  [1mINSERT INTO "schema_migrations" (version) VALUES ('20120130161449')[0m
  [1m[35m (12.0ms)[0m  INSERT INTO "schema_migrations" (version) VALUES ('20111119180638')
